[2024-11-14 14:11:36,013] multiqc                                            [DEBUG  ]  This is MultiQC v1.14
[2024-11-14 14:11:36,013] multiqc                                            [DEBUG  ]  Command used: /home/sam/programs/mambaforge/bin/multiqc hisat.out
[2024-11-14 14:11:36,906] multiqc                                            [WARNING]  MultiQC Version v1.25.1 now available!
[2024-11-14 14:11:36,906] multiqc                                            [DEBUG  ]  Working dir : /media/4TB_JPG_ext/stanja/gitprojects/coral-embryo-ecotox/output/04_align
[2024-11-14 14:11:36,906] multiqc                                            [DEBUG  ]  Template    : default
[2024-11-14 14:11:36,906] multiqc                                            [DEBUG  ]  Running Python 3.10.10 | packaged by conda-forge | (main, Mar 24 2023, 20:08:06) [GCC 11.3.0]
[2024-11-14 14:11:36,907] multiqc                                            [DEBUG  ]  Analysing modules: custom_content, ccs, ngsderive, purple, conpair, lima, peddy, somalier, methylQA, mosdepth, phantompeakqualtools, qualimap, preseq, hifiasm, quast, qorts, rna_seqc, rockhopper, rsem, rseqc, busco, bustools, goleft_indexcov, gffcompare, disambiguate, supernova, deeptools, sargasso, verifybamid, mirtrace, happy, mirtop, sambamba, gopeaks, homer, hops, macs2, theta2, snpeff, gatk, htseq, bcftools, featureCounts, fgbio, dragen, dragen_fastqc, dedup, pbmarkdup, damageprofiler, biobambam2, jcvi, mtnucratio, picard, vep, sentieon, prokka, qc3C, nanostat, samblaster, samtools, sexdeterrmine, eigenstratdatabasetools, bamtools, jellyfish, vcftools, longranger, stacks, varscan2, snippy, umitools, bbmap, bismark, biscuit, diamond, hicexplorer, hicup, hicpro, salmon, kallisto, slamdunk, star, hisat2, tophat, bowtie2, bowtie1, cellranger, snpsplit, odgi, pangolin, nextclade, humid, kat, leehom, adapterRemoval, bbduk, clipandmerge, cutadapt, flexbar, kaiju, kraken, malt, motus, trimmomatic, sickle, skewer, sortmerna, biobloomtools, fastq_screen, afterqc, fastp, fastqc, filtlong, prinseqplusplus, pychopper, porechop, pycoqc, minionqc, anglerfish, multivcfanalyzer, clusterflow, checkqc, bcl2fastq, bclconvert, interop, ivar, flash, seqyclean, optitype, whatshap
[2024-11-14 14:11:36,908] multiqc                                            [DEBUG  ]  Using temporary directory for creating report: /tmp/tmplv9vsx4e
[2024-11-14 14:11:37,352] multiqc                                            [INFO   ]  Search path : /media/4TB_JPG_ext/stanja/gitprojects/coral-embryo-ecotox/output/04_align/hisat.out
[2024-11-14 14:11:37,382] multiqc                                            [DEBUG  ]  Summary of files that were skipped by the search: [skipped_module_specific_max_filesize: 3]
[2024-11-14 14:11:38,251] multiqc.plots.bargraph                             [DEBUG  ]  Using matplotlib version 3.7.1
[2024-11-14 14:11:38,251] multiqc.plots.linegraph                            [DEBUG  ]  Using matplotlib version 3.7.1
[2024-11-14 14:11:38,288] multiqc                                            [DEBUG  ]  No samples found: custom_content
[2024-11-14 14:11:38,315] multiqc.modules.bowtie2.bowtie2                    [DEBUG  ]  Duplicate sample name found! Overwriting: hisat
[2024-11-14 14:11:38,315] multiqc.modules.bowtie2.bowtie2                    [DEBUG  ]  Duplicate sample name found! Overwriting: hisat
[2024-11-14 14:11:38,316] multiqc.modules.bowtie2.bowtie2                    [DEBUG  ]  Duplicate sample name found! Overwriting: hisat
[2024-11-14 14:11:38,317] multiqc.modules.bowtie2.bowtie2                    [DEBUG  ]  Duplicate sample name found! Overwriting: hisat
[2024-11-14 14:11:38,317] multiqc.modules.bowtie2.bowtie2                    [INFO   ]  Found 1 reports
[2024-11-14 14:11:38,331] multiqc                                            [INFO   ]  Compressing plot data
[2024-11-14 14:11:38,333] multiqc                                            [WARNING]  Previous MultiQC output found! Adjusting filenames..
[2024-11-14 14:11:38,333] multiqc                                            [WARNING]  Use -f or --force to overwrite existing reports instead
[2024-11-14 14:11:38,334] multiqc                                            [INFO   ]  Report      : multiqc_report_1.html
[2024-11-14 14:11:38,334] multiqc                                            [INFO   ]  Data        : multiqc_data_1
[2024-11-14 14:11:38,334] multiqc                                            [DEBUG  ]  Moving data file from '/tmp/tmplv9vsx4e/multiqc_data' to '/media/4TB_JPG_ext/stanja/gitprojects/coral-embryo-ecotox/output/04_align/multiqc_data_1'
[2024-11-14 14:11:38,441] multiqc                                            [INFO   ]  MultiQC complete
