[2024-11-15 19:02:02,108] multiqc                                            [DEBUG  ]  This is MultiQC v1.14
[2024-11-15 19:02:02,109] multiqc                                            [DEBUG  ]  Command used: /home/sam/programs/mambaforge/bin/multiqc /media/4TB_JPG_ext/stanja/gitprojects/coral-embryo-ecotox/output/03_qaqc/trimmed_reads/fastqc -o /media/4TB_JPG_ext/stanja/gitprojects/coral-embryo-ecotox/output/03_qaqc/trimmed_reads/fastqc
[2024-11-15 19:02:02,909] multiqc                                            [WARNING]  MultiQC Version v1.25.1 now available!
[2024-11-15 19:02:02,910] multiqc                                            [DEBUG  ]  Working dir : /media/4TB_JPG_ext/stanja/gitprojects/coral-embryo-ecotox/code
[2024-11-15 19:02:02,910] multiqc                                            [DEBUG  ]  Template    : default
[2024-11-15 19:02:02,910] multiqc                                            [DEBUG  ]  Running Python 3.10.10 | packaged by conda-forge | (main, Mar 24 2023, 20:08:06) [GCC 11.3.0]
[2024-11-15 19:02:02,912] multiqc                                            [DEBUG  ]  Analysing modules: custom_content, ccs, ngsderive, purple, conpair, lima, peddy, somalier, methylQA, mosdepth, phantompeakqualtools, qualimap, preseq, hifiasm, quast, qorts, rna_seqc, rockhopper, rsem, rseqc, busco, bustools, goleft_indexcov, gffcompare, disambiguate, supernova, deeptools, sargasso, verifybamid, mirtrace, happy, mirtop, sambamba, gopeaks, homer, hops, macs2, theta2, snpeff, gatk, htseq, bcftools, featureCounts, fgbio, dragen, dragen_fastqc, dedup, pbmarkdup, damageprofiler, biobambam2, jcvi, mtnucratio, picard, vep, sentieon, prokka, qc3C, nanostat, samblaster, samtools, sexdeterrmine, eigenstratdatabasetools, bamtools, jellyfish, vcftools, longranger, stacks, varscan2, snippy, umitools, bbmap, bismark, biscuit, diamond, hicexplorer, hicup, hicpro, salmon, kallisto, slamdunk, star, hisat2, tophat, bowtie2, bowtie1, cellranger, snpsplit, odgi, pangolin, nextclade, humid, kat, leehom, adapterRemoval, bbduk, clipandmerge, cutadapt, flexbar, kaiju, kraken, malt, motus, trimmomatic, sickle, skewer, sortmerna, biobloomtools, fastq_screen, afterqc, fastp, fastqc, filtlong, prinseqplusplus, pychopper, porechop, pycoqc, minionqc, anglerfish, multivcfanalyzer, clusterflow, checkqc, bcl2fastq, bclconvert, interop, ivar, flash, seqyclean, optitype, whatshap
[2024-11-15 19:02:02,912] multiqc                                            [DEBUG  ]  Using temporary directory for creating report: /tmp/tmp7af_046l
[2024-11-15 19:02:03,396] multiqc                                            [INFO   ]  Search path : /media/4TB_JPG_ext/stanja/gitprojects/coral-embryo-ecotox/output/03_qaqc/trimmed_reads/fastqc
[2024-11-15 19:02:07,617] multiqc                                            [DEBUG  ]  Summary of files that were skipped by the search: [skipped_module_specific_max_filesize: 1399] // [skipped_no_match: 127] // [skipped_directory_fn_ignore_dirs: 1]
[2024-11-15 19:02:08,517] multiqc.plots.bargraph                             [DEBUG  ]  Using matplotlib version 3.7.1
[2024-11-15 19:02:08,518] multiqc.plots.linegraph                            [DEBUG  ]  Using matplotlib version 3.7.1
[2024-11-15 19:02:08,519] multiqc                                            [DEBUG  ]  No samples found: custom_content
[2024-11-15 19:02:17,698] multiqc.modules.fastqc.fastqc                      [INFO   ]  Found 98 reports
[2024-11-15 19:02:19,162] multiqc                                            [INFO   ]  Compressing plot data
[2024-11-15 19:02:20,112] multiqc                                            [WARNING]  Previous MultiQC output found! Adjusting filenames..
[2024-11-15 19:02:20,112] multiqc                                            [WARNING]  Use -f or --force to overwrite existing reports instead
[2024-11-15 19:02:20,112] multiqc                                            [INFO   ]  Report      : ../output/03_qaqc/trimmed_reads/fastqc/multiqc_report_1.html
[2024-11-15 19:02:20,112] multiqc                                            [INFO   ]  Data        : ../output/03_qaqc/trimmed_reads/fastqc/multiqc_data_1
[2024-11-15 19:02:20,112] multiqc                                            [DEBUG  ]  Moving data file from '/tmp/tmp7af_046l/multiqc_data' to '/media/4TB_JPG_ext/stanja/gitprojects/coral-embryo-ecotox/output/03_qaqc/trimmed_reads/fastqc/multiqc_data_1'
[2024-11-15 19:02:20,225] multiqc                                            [INFO   ]  MultiQC complete
